<?xml version="1.0" encoding="UTF-8"?>
<!-- Generated by org.testng.reporters.JUnitReportReporter -->
<testsuite hostname="DESKTOP-8QBIHO6" failures="0" tests="2" name="com.crm.generic.BaseUtility.CreateContactTest" time="0.012" errors="0" timestamp="2024-05-30T15:23:02 IST" skipped="0">
  <testcase classname="com.crm.generic.BaseUtility.CreateContactTest" name="createcontact" time="0.009"/>
  <system-out/>
  <testcase classname="com.crm.generic.BaseUtility.CreateContactTest" name="createcontactWithDAta" time="0.003"/>
  <system-out/>
</testsuite> <!-- com.crm.generic.BaseUtility.CreateContactTest -->
