<?xml version="1.0" encoding="UTF-8"?>
<!-- Generated by org.testng.reporters.JUnitReportReporter -->
<testsuite hostname="DESKTOP-8QBIHO6" failures="0" tests="3" name="Practice.testNG.CreateContact_DP_Test" time="0.013" errors="0" timestamp="2024-05-29T17:55:40 IST" skipped="0">
  <testcase classname="Practice.testNG.CreateContact_DP_Test" name="createContactTest" time="0.002"/>
  <system-out/>
  <testcase classname="Practice.testNG.CreateContact_DP_Test" name="createContactTest" time="0.011"/>
  <system-out/>
  <testcase classname="Practice.testNG.CreateContact_DP_Test" name="createContactTest" time="0.000"/>
  <system-out/>
</testsuite> <!-- Practice.testNG.CreateContact_DP_Test -->
