<?xml version="1.0" encoding="UTF-8"?>
<!-- Generated by org.testng.reporters.JUnitReportReporter -->
<testsuite hostname="DESKTOP-8QBIHO6" failures="0" tests="2" name="Practice.testNG.ConfigurationAnnotation" time="0.011" errors="0" timestamp="2024-05-30T12:37:04 IST" skipped="0">
  <testcase classname="Practice.testNG.ConfigurationAnnotation" name="createcontact" time="0.010"/>
  <system-out/>
  <testcase classname="Practice.testNG.ConfigurationAnnotation" name="createcontactWithDAta" time="0.001"/>
  <system-out/>
</testsuite> <!-- Practice.testNG.ConfigurationAnnotation -->
