<?xml version="1.0" encoding="UTF-8"?>
<!-- Generated by org.testng.reporters.JUnitReportReporter -->
<testsuite hostname="DESKTOP-8QBIHO6" failures="0" tests="2" name="Practice.testNG.SampleTest" time="0.013" errors="0" timestamp="2024-05-29T15:47:27 IST" skipped="0">
  <testcase classname="Practice.testNG.SampleTest" name="CreateContactTest" time="0.012"/>
  <system-out/>
  <testcase classname="Practice.testNG.SampleTest" name="CreateContactWithMobileTest" time="0.001"/>
  <system-out/>
</testsuite> <!-- Practice.testNG.SampleTest -->
