<?xml version="1.0" encoding="UTF-8"?>
<!-- Generated by org.testng.reporters.JUnitReportReporter -->
<testsuite hostname="DESKTOP-8QBIHO6" failures="0" tests="1" name="DataDrivenTesting.WriteDataInExcel" time="0.780" errors="0" timestamp="2024-05-03T16:23:38 IST" skipped="0">
  <testcase classname="DataDrivenTesting.WriteDataInExcel" name="m1" time="0.780"/>
  <system-out/>
</testsuite> <!-- DataDrivenTesting.WriteDataInExcel -->
