<?xml version="1.0" encoding="UTF-8"?>
<!-- Generated by org.testng.reporters.JUnitReportReporter -->
<testsuite hostname="DESKTOP-8QBIHO6" failures="0" tests="1" name="com.comcast.crm.contacttest.CreateContactTest_ByTestNG" time="54.695" errors="0" timestamp="2024-05-31T11:46:28 IST" skipped="0">
  <testcase classname="com.comcast.crm.contacttest.CreateContactTest_ByTestNG" name="createContact" time="54.695"/>
  <system-out/>
</testsuite> <!-- com.comcast.crm.contacttest.CreateContactTest_ByTestNG -->
